<?xml version="1.0" encoding="UTF-8"?>
<testsuite xmlns:xsi="http://www.w3.org/2001/XMLSchema-instance" xsi:noNamespaceSchemaLocation="https://maven.apache.org/surefire/maven-surefire-plugin/xsd/surefire-test-report-3.0.xsd" version="3.0" name="com.saucelabs.example.TestSetup" time="77.054" tests="2" errors="0" skipped="0" failures="0">
  <properties>
[...]
</properties>
  <testcase name="testNetworkSpeed[iOS, iPhone.*, 13, public void com.saucelabs.example.TestSetup.testNetworkSpeed(java.lang.String,java.lang.String,java.lang.String,java.lang.reflect.Method) throws java.net.MalformedURLException](1)" classname="com.saucelabs.example.TestSetup" time="59.27">
    <system-err><![CDATA[Oct 14, 2020 11:34:46 AM io.appium.java_client.remote.AppiumCommandExecutor$1 lambda$0
INFO: Detected dialect: OSS
Oct 14, 2020 11:34:50 AM io.appium.java_client.remote.AppiumCommandExecutor$1 lambda$0
INFO: Detected dialect: OSS
]]></system-err>
  </testcase>
  <testcase name="testNetworkSpeed[iOS, iPhone.*, 13, public void com.saucelabs.example.TestSetup.testNetworkSpeed(java.lang.String,java.lang.String,java.lang.String,java.lang.reflect.Method) throws java.net.MalformedURLException](2)" classname="com.saucelabs.example.TestSetup" time="74.573"/>
</testsuite>